#! /usr/local/Cellar/icarus-verilog/12.0/bin/vvp
:ivl_version "12.0 (stable)";
:ivl_delay_selection "TYPICAL";
:vpi_time_precision - 10;
:vpi_module "/usr/local/Cellar/icarus-verilog/12.0/lib/ivl/system.vpi";
:vpi_module "/usr/local/Cellar/icarus-verilog/12.0/lib/ivl/vhdl_sys.vpi";
:vpi_module "/usr/local/Cellar/icarus-verilog/12.0/lib/ivl/vhdl_textio.vpi";
:vpi_module "/usr/local/Cellar/icarus-verilog/12.0/lib/ivl/v2005_math.vpi";
:vpi_module "/usr/local/Cellar/icarus-verilog/12.0/lib/ivl/va_math.vpi";
:vpi_module "/usr/local/Cellar/icarus-verilog/12.0/lib/ivl/v2009.vpi";
S_0x7f9cc1f45ba0 .scope package, "$unit" "$unit" 2 1;
 .timescale 0 0;
S_0x7f9cc1f59d00 .scope module, "m_top_wrapper" "m_top_wrapper" 3 17;
 .timescale -9 -10;
v0x7f9cc1f78870_0 .var "r_cc", 31 0;
v0x7f9cc1f78930_0 .var "r_clk", 0 0;
S_0x7f9cc1f42570 .scope begin, "_increment_r_cc" "_increment_r_cc" 3 20, 3 20 0, S_0x7f9cc1f59d00;
 .timescale -9 -10;
S_0x7f9cc1f2c030 .scope module, "m" "m_sim" 3 24, 3 3 0, S_0x7f9cc1f59d00;
 .timescale -9 -10;
    .port_info 0 /INPUT 1 "w_clk";
    .port_info 1 /INPUT 32 "w_cc";
v0x7f9cc1f77260_0 .net "w_cc", 31 0, v0x7f9cc1f78870_0;  1 drivers
v0x7f9cc1f787b0_0 .net "w_clk", 0 0, v0x7f9cc1f78930_0;  1 drivers
S_0x7f9cc1f2c1a0 .scope module, "m" "m_proc8" 3 6, 4 3 0, S_0x7f9cc1f2c030;
 .timescale -9 -10;
    .port_info 0 /INPUT 1 "w_clk";
L_0x7f9cc1f78a40 .functor AND 1, v0x7f9cc1f75ca0_0, L_0x7f9cc1f7e3f0, C4<1>, C4<1>;
L_0x7f9cc1f78b30 .functor AND 1, L_0x7f9cc1f78a40, v0x7f9cc1f76500_0, C4<1>, C4<1>;
L_0x7f9cc1f7dbd0 .functor AND 1, L_0x7f9cc1f7da90, L_0x7f9cc1f7db30, C4<1>, C4<1>;
L_0x7f9cc1f7dd30 .functor AND 1, L_0x7f9cc1f7dbd0, L_0x7f9cc1f7dc40, C4<1>, C4<1>;
L_0x7f9cc1f7e200 .functor AND 1, L_0x7f9cc1f7e0c0, L_0x7f9cc1f7e160, C4<1>, C4<1>;
L_0x7f9cc1f7e8a0 .functor AND 1, v0x7f9cc1f762f0_0, v0x7f9cc1f76500_0, C4<1>, C4<1>;
L_0x7f9cc1f7ed40 .functor AND 1, L_0x7f9cc1f7eb30, L_0x7f9cc1f7ec10, C4<1>, C4<1>;
L_0x7f9cc1f7ef10 .functor AND 1, L_0x7f9cc1f7ed40, L_0x7f9cc1f7edf0, C4<1>, C4<1>;
L_0x7f9cc1f7efc0 .functor AND 1, L_0x7f9cc1f7ef10, v0x7f9cc1f76ab0_0, C4<1>, C4<1>;
L_0x7f9cc1f7f2a0 .functor AND 1, L_0x7f9cc1f7efc0, L_0x7f9cc1f7f1a0, C4<1>, C4<1>;
L_0x7f9cc1f7f4d0 .functor AND 1, L_0x7f9cc1f7efc0, L_0x7f9cc1f7f430, C4<1>, C4<1>;
L_0x7f9cc1f7f5e0 .functor OR 1, v0x7f9cc1f75ec0_0, v0x7f9cc1f75ca0_0, C4<0>, C4<0>;
L_0x7f9cc1f7f690 .functor AND 1, L_0x7f9cc1f7f4d0, L_0x7f9cc1f7f5e0, C4<1>, C4<1>;
L_0x7f9cc1f7fa20 .functor AND 1, L_0x7f9cc1f7efc0, L_0x7f9cc1f7f8d0, C4<1>, C4<1>;
v0x7f9cc1f75a90_0 .var "P1_ir", 31 0;
v0x7f9cc1f75b80_0 .var "P1_pc", 31 0;
v0x7f9cc1f75c10_0 .var "P1_v", 0 0;
v0x7f9cc1f75ca0_0 .var "P2_b", 0 0;
v0x7f9cc1f75d30_0 .var "P2_ld", 0 0;
v0x7f9cc1f75e10_0 .var "P2_pc", 31 0;
v0x7f9cc1f75ec0_0 .var "P2_r", 0 0;
v0x7f9cc1f75f60_0 .var "P2_r1", 31 0;
v0x7f9cc1f76000_0 .var "P2_r2", 31 0;
v0x7f9cc1f76130_0 .var "P2_rd", 4 0;
v0x7f9cc1f761c0_0 .var "P2_rs1", 4 0;
v0x7f9cc1f76250_0 .var "P2_rs2", 4 0;
v0x7f9cc1f762f0_0 .var "P2_s", 0 0;
v0x7f9cc1f76390_0 .var "P2_s2", 31 0;
v0x7f9cc1f76450_0 .var "P2_tpc", 31 0;
v0x7f9cc1f76500_0 .var "P2_v", 0 0;
v0x7f9cc1f76590_0 .var "P3_alu", 31 0;
v0x7f9cc1f76750_0 .var "P3_b", 0 0;
v0x7f9cc1f767e0_0 .var "P3_ld", 0 0;
v0x7f9cc1f76870_0 .var "P3_ldd", 31 0;
v0x7f9cc1f76900_0 .var "P3_pc", 31 0;
v0x7f9cc1f76990_0 .var "P3_rd", 4 0;
v0x7f9cc1f76a20_0 .var "P3_s", 0 0;
v0x7f9cc1f76ab0_0 .var "P3_v", 0 0;
v0x7f9cc1f76b50_0 .net *"_ivl_0", 0 0, L_0x7f9cc1f78a40;  1 drivers
v0x7f9cc1f76c00_0 .net *"_ivl_11", 0 0, L_0x7f9cc1f7da90;  1 drivers
v0x7f9cc1f76ca0_0 .net *"_ivl_13", 0 0, L_0x7f9cc1f7db30;  1 drivers
v0x7f9cc1f76d40_0 .net *"_ivl_14", 0 0, L_0x7f9cc1f7dbd0;  1 drivers
v0x7f9cc1f76df0_0 .net *"_ivl_17", 0 0, L_0x7f9cc1f7dc40;  1 drivers
v0x7f9cc1f76e90_0 .net *"_ivl_21", 0 0, L_0x7f9cc1f7e0c0;  1 drivers
v0x7f9cc1f76f30_0 .net *"_ivl_23", 0 0, L_0x7f9cc1f7e160;  1 drivers
v0x7f9cc1f76fd0_0 .net *"_ivl_29", 0 0, L_0x7f9cc1f7eb30;  1 drivers
v0x7f9cc1f77070_0 .net *"_ivl_31", 0 0, L_0x7f9cc1f7ec10;  1 drivers
v0x7f9cc1f76630_0 .net *"_ivl_32", 0 0, L_0x7f9cc1f7ed40;  1 drivers
v0x7f9cc1f77300_0 .net *"_ivl_35", 0 0, L_0x7f9cc1f7edf0;  1 drivers
v0x7f9cc1f77390_0 .net *"_ivl_36", 0 0, L_0x7f9cc1f7ef10;  1 drivers
v0x7f9cc1f77420_0 .net *"_ivl_40", 0 0, L_0x7f9cc1f7f1a0;  1 drivers
v0x7f9cc1f774b0_0 .net *"_ivl_44", 0 0, L_0x7f9cc1f7f430;  1 drivers
v0x7f9cc1f77550_0 .net *"_ivl_46", 0 0, L_0x7f9cc1f7f4d0;  1 drivers
v0x7f9cc1f77600_0 .net *"_ivl_48", 0 0, L_0x7f9cc1f7f5e0;  1 drivers
v0x7f9cc1f776b0_0 .net *"_ivl_52", 0 0, L_0x7f9cc1f7f8d0;  1 drivers
v0x7f9cc1f77750_0 .var "r_pc", 31 0;
v0x7f9cc1f77830_0 .net "w_alu", 31 0, L_0x7f9cc1f7e2f0;  1 drivers
v0x7f9cc1f77910_0 .net "w_b", 0 0, L_0x7f9cc1f793b0;  1 drivers
v0x7f9cc1f779a0_0 .net "w_clk", 0 0, v0x7f9cc1f78930_0;  alias, 1 drivers
v0x7f9cc1f77a70_0 .net "w_f", 0 0, L_0x7f9cc1f7efc0;  1 drivers
v0x7f9cc1f77b00_0 .net "w_i", 0 0, L_0x7f9cc1f79de0;  1 drivers
v0x7f9cc1f77b90_0 .net "w_imm", 31 0, L_0x7f9cc1f7c530;  1 drivers
v0x7f9cc1f77ca0_0 .net "w_in1", 31 0, L_0x7f9cc1f7f100;  1 drivers
v0x7f9cc1f77d30_0 .net "w_in2", 31 0, L_0x7f9cc1f7f350;  1 drivers
v0x7f9cc1f77e00_0 .net "w_in3", 31 0, L_0x7f9cc1f7f830;  1 drivers
v0x7f9cc1f77ed0_0 .net "w_ir", 31 0, L_0x7f9cc1f791a0;  1 drivers
v0x7f9cc1f77f60_0 .net "w_j", 0 0, L_0x7f9cc1f79290;  1 drivers
v0x7f9cc1f77ff0_0 .net "w_ld", 0 0, L_0x7f9cc1f7c790;  1 drivers
v0x7f9cc1f78080_0 .net "w_ldd", 31 0, L_0x7f9cc1f7e7f0;  1 drivers
v0x7f9cc1f78110_0 .net "w_miss", 0 0, L_0x7f9cc1f78b30;  1 drivers
v0x7f9cc1f781c0_0 .net "w_npc", 31 0, L_0x7f9cc1f78d40;  1 drivers
v0x7f9cc1f78290_0 .net "w_pcin", 31 0, L_0x7f9cc1f78c20;  1 drivers
v0x7f9cc1f78320_0 .net "w_r", 0 0, L_0x7f9cc1f79670;  1 drivers
v0x7f9cc1f783f0_0 .net "w_r1", 31 0, L_0x7f9cc1f7d120;  1 drivers
v0x7f9cc1f78480_0 .net "w_r2", 31 0, L_0x7f9cc1f7d6f0;  1 drivers
v0x7f9cc1f78550_0 .net "w_rt", 31 0, L_0x7f9cc1f7e950;  1 drivers
v0x7f9cc1f785e0_0 .net "w_s", 0 0, L_0x7f9cc1f79550;  1 drivers
v0x7f9cc1f78670_0 .net "w_s2", 31 0, L_0x7f9cc1f7df60;  1 drivers
v0x7f9cc1f78710_0 .net "w_tkn", 0 0, L_0x7f9cc1f7e3f0;  1 drivers
v0x7f9cc1f77120_0 .net "w_tpc", 31 0, L_0x7f9cc1f7de20;  1 drivers
v0x7f9cc1f771d0_0 .net "w_u", 0 0, L_0x7f9cc1f79980;  1 drivers
L_0x7f9cc1f7d850 .part v0x7f9cc1f75a90_0, 15, 5;
L_0x7f9cc1f7d970 .part v0x7f9cc1f75a90_0, 20, 5;
L_0x7f9cc1f7da90 .reduce/nor v0x7f9cc1f76a20_0;
L_0x7f9cc1f7db30 .reduce/nor v0x7f9cc1f76750_0;
L_0x7f9cc1f7dc40 .reduce/nor v0x7f9cc1f76ab0_0;
L_0x7f9cc1f7e0c0 .reduce/nor L_0x7f9cc1f79670;
L_0x7f9cc1f7e160 .reduce/nor L_0x7f9cc1f793b0;
L_0x7f9cc1f7eb30 .reduce/nor v0x7f9cc1f76a20_0;
L_0x7f9cc1f7ec10 .reduce/nor v0x7f9cc1f76750_0;
L_0x7f9cc1f7edf0 .reduce/nor v0x7f9cc1f76990_0;
L_0x7f9cc1f7f1a0 .cmp/eq 5, v0x7f9cc1f761c0_0, v0x7f9cc1f76990_0;
L_0x7f9cc1f7f430 .cmp/eq 5, v0x7f9cc1f76250_0, v0x7f9cc1f76990_0;
L_0x7f9cc1f7f8d0 .cmp/eq 5, v0x7f9cc1f76250_0, v0x7f9cc1f76990_0;
S_0x7f9cc1f289b0 .scope begin, "_dataflow" "_dataflow" 4 49, 4 49 0, S_0x7f9cc1f2c1a0;
 .timescale -9 -10;
S_0x7f9cc1f28b20 .scope module, "m0" "m_mux" 4 19, 4 163 0, S_0x7f9cc1f2c1a0;
 .timescale -9 -10;
    .port_info 0 /INPUT 32 "w_in1";
    .port_info 1 /INPUT 32 "w_in2";
    .port_info 2 /INPUT 1 "w_control";
    .port_info 3 /OUTPUT 32 "w_out";
v0x7f9cc1f0c180_0 .net "w_control", 0 0, L_0x7f9cc1f78b30;  alias, 1 drivers
v0x7f9cc1f6c2c0_0 .net "w_in1", 31 0, L_0x7f9cc1f78d40;  alias, 1 drivers
v0x7f9cc1f6c370_0 .net "w_in2", 31 0, v0x7f9cc1f76450_0;  1 drivers
v0x7f9cc1f6c430_0 .net "w_out", 31 0, L_0x7f9cc1f78c20;  alias, 1 drivers
L_0x7f9cc1f78c20 .functor MUXZ 32, L_0x7f9cc1f78d40, v0x7f9cc1f76450_0, L_0x7f9cc1f78b30, C4<>;
S_0x7f9cc1f6c540 .scope module, "m10" "m_mux" 4 68, 4 163 0, S_0x7f9cc1f2c1a0;
 .timescale -9 -10;
    .port_info 0 /INPUT 32 "w_in1";
    .port_info 1 /INPUT 32 "w_in2";
    .port_info 2 /INPUT 1 "w_control";
    .port_info 3 /OUTPUT 32 "w_out";
v0x7f9cc1f6c780_0 .net "w_control", 0 0, v0x7f9cc1f767e0_0;  1 drivers
v0x7f9cc1f6c820_0 .net "w_in1", 31 0, v0x7f9cc1f76590_0;  1 drivers
v0x7f9cc1f6c8d0_0 .net "w_in2", 31 0, v0x7f9cc1f76870_0;  1 drivers
v0x7f9cc1f6c990_0 .net "w_out", 31 0, L_0x7f9cc1f7e950;  alias, 1 drivers
L_0x7f9cc1f7e950 .functor MUXZ 32, v0x7f9cc1f76590_0, v0x7f9cc1f76870_0, v0x7f9cc1f767e0_0, C4<>;
S_0x7f9cc1f6caa0 .scope module, "m11" "m_mux" 4 76, 4 163 0, S_0x7f9cc1f2c1a0;
 .timescale -9 -10;
    .port_info 0 /INPUT 32 "w_in1";
    .port_info 1 /INPUT 32 "w_in2";
    .port_info 2 /INPUT 1 "w_control";
    .port_info 3 /OUTPUT 32 "w_out";
v0x7f9cc1f6ccc0_0 .net "w_control", 0 0, L_0x7f9cc1f7f2a0;  1 drivers
v0x7f9cc1f6cd70_0 .net "w_in1", 31 0, v0x7f9cc1f75f60_0;  1 drivers
v0x7f9cc1f6ce20_0 .net "w_in2", 31 0, L_0x7f9cc1f7e950;  alias, 1 drivers
v0x7f9cc1f6cef0_0 .net "w_out", 31 0, L_0x7f9cc1f7f100;  alias, 1 drivers
L_0x7f9cc1f7f100 .functor MUXZ 32, v0x7f9cc1f75f60_0, L_0x7f9cc1f7e950, L_0x7f9cc1f7f2a0, C4<>;
S_0x7f9cc1f6cff0 .scope module, "m12" "m_mux" 4 82, 4 163 0, S_0x7f9cc1f2c1a0;
 .timescale -9 -10;
    .port_info 0 /INPUT 32 "w_in1";
    .port_info 1 /INPUT 32 "w_in2";
    .port_info 2 /INPUT 1 "w_control";
    .port_info 3 /OUTPUT 32 "w_out";
v0x7f9cc1f6d250_0 .net "w_control", 0 0, L_0x7f9cc1f7f690;  1 drivers
v0x7f9cc1f6d2e0_0 .net "w_in1", 31 0, v0x7f9cc1f76390_0;  1 drivers
v0x7f9cc1f6d390_0 .net "w_in2", 31 0, L_0x7f9cc1f7e950;  alias, 1 drivers
v0x7f9cc1f6d480_0 .net "w_out", 31 0, L_0x7f9cc1f7f350;  alias, 1 drivers
L_0x7f9cc1f7f350 .functor MUXZ 32, v0x7f9cc1f76390_0, L_0x7f9cc1f7e950, L_0x7f9cc1f7f690, C4<>;
S_0x7f9cc1f6d570 .scope module, "m13" "m_mux" 4 88, 4 163 0, S_0x7f9cc1f2c1a0;
 .timescale -9 -10;
    .port_info 0 /INPUT 32 "w_in1";
    .port_info 1 /INPUT 32 "w_in2";
    .port_info 2 /INPUT 1 "w_control";
    .port_info 3 /OUTPUT 32 "w_out";
v0x7f9cc1f6d790_0 .net "w_control", 0 0, L_0x7f9cc1f7fa20;  1 drivers
v0x7f9cc1f6d840_0 .net "w_in1", 31 0, v0x7f9cc1f76000_0;  1 drivers
v0x7f9cc1f6d8f0_0 .net "w_in2", 31 0, L_0x7f9cc1f7e950;  alias, 1 drivers
v0x7f9cc1f6d9a0_0 .net "w_out", 31 0, L_0x7f9cc1f7f830;  alias, 1 drivers
L_0x7f9cc1f7f830 .functor MUXZ 32, v0x7f9cc1f76000_0, L_0x7f9cc1f7e950, L_0x7f9cc1f7fa20, C4<>;
S_0x7f9cc1f6dab0 .scope module, "m2" "m_adder" 4 25, 4 172 0, S_0x7f9cc1f2c1a0;
 .timescale -9 -10;
    .port_info 0 /INPUT 32 "w_in1";
    .port_info 1 /INPUT 32 "w_in2";
    .port_info 2 /OUTPUT 32 "w_out";
L_0x7f9cc2b63008 .functor BUFT 1, C4<00000000000000000000000000000100>, C4<0>, C4<0>, C4<0>;
v0x7f9cc1f6dcc0_0 .net "w_in1", 31 0, L_0x7f9cc2b63008;  1 drivers
v0x7f9cc1f6dd80_0 .net "w_in2", 31 0, v0x7f9cc1f77750_0;  1 drivers
v0x7f9cc1f6de30_0 .net "w_out", 31 0, L_0x7f9cc1f78d40;  alias, 1 drivers
L_0x7f9cc1f78d40 .arith/sum 32, L_0x7f9cc2b63008, v0x7f9cc1f77750_0;
S_0x7f9cc1f6df40 .scope module, "m3" "m_am_imem" 4 30, 4 154 0, S_0x7f9cc1f2c1a0;
 .timescale -9 -10;
    .port_info 0 /INPUT 32 "w_pc";
    .port_info 1 /OUTPUT 32 "w_insn";
L_0x7f9cc1f791a0 .functor BUFZ 32, L_0x7f9cc1f78ec0, C4<00000000000000000000000000000000>, C4<00000000000000000000000000000000>, C4<00000000000000000000000000000000>;
v0x7f9cc1f6e140_0 .net *"_ivl_0", 31 0, L_0x7f9cc1f78ec0;  1 drivers
v0x7f9cc1f6e200_0 .net *"_ivl_3", 5 0, L_0x7f9cc1f78f60;  1 drivers
v0x7f9cc1f6e2a0_0 .net *"_ivl_4", 7 0, L_0x7f9cc1f79080;  1 drivers
L_0x7f9cc2b63050 .functor BUFT 1, C4<00>, C4<0>, C4<0>, C4<0>;
v0x7f9cc1f6e350_0 .net *"_ivl_7", 1 0, L_0x7f9cc2b63050;  1 drivers
v0x7f9cc1f6e400_0 .var/i "i", 31 0;
v0x7f9cc1f6e4f0 .array "mem", 63 0, 31 0;
v0x7f9cc1f6e590_0 .net "w_insn", 31 0, L_0x7f9cc1f791a0;  alias, 1 drivers
v0x7f9cc1f6e640_0 .net "w_pc", 31 0, v0x7f9cc1f77750_0;  alias, 1 drivers
L_0x7f9cc1f78ec0 .array/port v0x7f9cc1f6e4f0, L_0x7f9cc1f79080;
L_0x7f9cc1f78f60 .part v0x7f9cc1f77750_0, 2, 6;
L_0x7f9cc1f79080 .concat [ 6 2 0 0], L_0x7f9cc1f78f60, L_0x7f9cc2b63050;
S_0x7f9cc1f6e700 .scope module, "m4" "m_gen_imm" 4 31, 4 144 0, S_0x7f9cc1f2c1a0;
 .timescale -9 -10;
    .port_info 0 /INPUT 32 "w_ir";
    .port_info 1 /OUTPUT 32 "w_imm";
    .port_info 2 /OUTPUT 1 "w_r";
    .port_info 3 /OUTPUT 1 "w_i";
    .port_info 4 /OUTPUT 1 "w_s";
    .port_info 5 /OUTPUT 1 "w_b";
    .port_info 6 /OUTPUT 1 "w_u";
    .port_info 7 /OUTPUT 1 "w_j";
    .port_info 8 /OUTPUT 1 "w_ld";
v0x7f9cc1f71a10_0 .net *"_ivl_3", 4 0, L_0x7f9cc1f7c5d0;  1 drivers
v0x7f9cc1f71ad0_0 .net *"_ivl_4", 31 0, L_0x7f9cc1f7c670;  1 drivers
L_0x7f9cc2b63368 .functor BUFT 1, C4<000000000000000000000000000>, C4<0>, C4<0>, C4<0>;
v0x7f9cc1f71b70_0 .net *"_ivl_7", 26 0, L_0x7f9cc2b63368;  1 drivers
L_0x7f9cc2b633b0 .functor BUFT 1, C4<00000000000000000000000000000000>, C4<0>, C4<0>, C4<0>;
v0x7f9cc1f71c00_0 .net/2u *"_ivl_8", 31 0, L_0x7f9cc2b633b0;  1 drivers
v0x7f9cc1f71cb0_0 .net "w_b", 0 0, L_0x7f9cc1f793b0;  alias, 1 drivers
v0x7f9cc1f71dc0_0 .net "w_i", 0 0, L_0x7f9cc1f79de0;  alias, 1 drivers
v0x7f9cc1f71e90_0 .net "w_imm", 31 0, L_0x7f9cc1f7c530;  alias, 1 drivers
v0x7f9cc1f71f20_0 .net "w_ir", 31 0, v0x7f9cc1f75a90_0;  1 drivers
v0x7f9cc1f71fb0_0 .net "w_j", 0 0, L_0x7f9cc1f79290;  alias, 1 drivers
v0x7f9cc1f720c0_0 .net "w_ld", 0 0, L_0x7f9cc1f7c790;  alias, 1 drivers
v0x7f9cc1f72150_0 .net "w_r", 0 0, L_0x7f9cc1f79670;  alias, 1 drivers
v0x7f9cc1f721e0_0 .net "w_s", 0 0, L_0x7f9cc1f79550;  alias, 1 drivers
v0x7f9cc1f722b0_0 .net "w_u", 0 0, L_0x7f9cc1f79980;  alias, 1 drivers
L_0x7f9cc1f79ed0 .part v0x7f9cc1f75a90_0, 2, 5;
L_0x7f9cc1f7c5d0 .part v0x7f9cc1f75a90_0, 2, 5;
L_0x7f9cc1f7c670 .concat [ 5 27 0 0], L_0x7f9cc1f7c5d0, L_0x7f9cc2b63368;
L_0x7f9cc1f7c790 .cmp/eq 32, L_0x7f9cc1f7c670, L_0x7f9cc2b633b0;
S_0x7f9cc1f6ea70 .scope module, "m1" "m_get_type" 4 149, 4 180 0, S_0x7f9cc1f6e700;
 .timescale -9 -10;
    .port_info 0 /INPUT 5 "w_opcode";
    .port_info 1 /OUTPUT 1 "w_r";
    .port_info 2 /OUTPUT 1 "w_i";
    .port_info 3 /OUTPUT 1 "w_s";
    .port_info 4 /OUTPUT 1 "w_b";
    .port_info 5 /OUTPUT 1 "w_u";
    .port_info 6 /OUTPUT 1 "w_j";
L_0x7f9cc1f79980 .functor OR 1, L_0x7f9cc1f79790, L_0x7f9cc1f798a0, C4<0>, C4<0>;
L_0x7f9cc1f79ab0 .functor OR 1, L_0x7f9cc1f79290, L_0x7f9cc1f793b0, C4<0>, C4<0>;
L_0x7f9cc1f79b20 .functor OR 1, L_0x7f9cc1f79ab0, L_0x7f9cc1f79550, C4<0>, C4<0>;
L_0x7f9cc1f79bd0 .functor OR 1, L_0x7f9cc1f79b20, L_0x7f9cc1f79670, C4<0>, C4<0>;
L_0x7f9cc1f79d40 .functor OR 1, L_0x7f9cc1f79bd0, L_0x7f9cc1f79980, C4<0>, C4<0>;
L_0x7f9cc1f79de0 .functor NOT 1, L_0x7f9cc1f79d40, C4<0>, C4<0>, C4<0>;
L_0x7f9cc2b63098 .functor BUFT 1, C4<11011>, C4<0>, C4<0>, C4<0>;
v0x7f9cc1f6ece0_0 .net/2u *"_ivl_0", 4 0, L_0x7f9cc2b63098;  1 drivers
L_0x7f9cc2b63170 .functor BUFT 1, C4<01100>, C4<0>, C4<0>, C4<0>;
v0x7f9cc1f6eda0_0 .net/2u *"_ivl_12", 4 0, L_0x7f9cc2b63170;  1 drivers
L_0x7f9cc2b631b8 .functor BUFT 1, C4<01101>, C4<0>, C4<0>, C4<0>;
v0x7f9cc1f6ee50_0 .net/2u *"_ivl_16", 4 0, L_0x7f9cc2b631b8;  1 drivers
v0x7f9cc1f6ef10_0 .net *"_ivl_18", 0 0, L_0x7f9cc1f79790;  1 drivers
L_0x7f9cc2b63200 .functor BUFT 1, C4<00101>, C4<0>, C4<0>, C4<0>;
v0x7f9cc1f6efb0_0 .net/2u *"_ivl_20", 4 0, L_0x7f9cc2b63200;  1 drivers
v0x7f9cc1f6f0a0_0 .net *"_ivl_22", 0 0, L_0x7f9cc1f798a0;  1 drivers
v0x7f9cc1f6f140_0 .net *"_ivl_26", 0 0, L_0x7f9cc1f79ab0;  1 drivers
v0x7f9cc1f6f1f0_0 .net *"_ivl_28", 0 0, L_0x7f9cc1f79b20;  1 drivers
v0x7f9cc1f6f2a0_0 .net *"_ivl_30", 0 0, L_0x7f9cc1f79bd0;  1 drivers
v0x7f9cc1f6f3b0_0 .net *"_ivl_32", 0 0, L_0x7f9cc1f79d40;  1 drivers
L_0x7f9cc2b630e0 .functor BUFT 1, C4<11000>, C4<0>, C4<0>, C4<0>;
v0x7f9cc1f6f460_0 .net/2u *"_ivl_4", 4 0, L_0x7f9cc2b630e0;  1 drivers
L_0x7f9cc2b63128 .functor BUFT 1, C4<01000>, C4<0>, C4<0>, C4<0>;
v0x7f9cc1f6f510_0 .net/2u *"_ivl_8", 4 0, L_0x7f9cc2b63128;  1 drivers
v0x7f9cc1f6f5c0_0 .net "w_b", 0 0, L_0x7f9cc1f793b0;  alias, 1 drivers
v0x7f9cc1f6f660_0 .net "w_i", 0 0, L_0x7f9cc1f79de0;  alias, 1 drivers
v0x7f9cc1f6f700_0 .net "w_j", 0 0, L_0x7f9cc1f79290;  alias, 1 drivers
v0x7f9cc1f6f7a0_0 .net "w_opcode", 4 0, L_0x7f9cc1f79ed0;  1 drivers
v0x7f9cc1f6f850_0 .net "w_r", 0 0, L_0x7f9cc1f79670;  alias, 1 drivers
v0x7f9cc1f6f9e0_0 .net "w_s", 0 0, L_0x7f9cc1f79550;  alias, 1 drivers
v0x7f9cc1f6fa70_0 .net "w_u", 0 0, L_0x7f9cc1f79980;  alias, 1 drivers
L_0x7f9cc1f79290 .cmp/eq 5, L_0x7f9cc1f79ed0, L_0x7f9cc2b63098;
L_0x7f9cc1f793b0 .cmp/eq 5, L_0x7f9cc1f79ed0, L_0x7f9cc2b630e0;
L_0x7f9cc1f79550 .cmp/eq 5, L_0x7f9cc1f79ed0, L_0x7f9cc2b63128;
L_0x7f9cc1f79670 .cmp/eq 5, L_0x7f9cc1f79ed0, L_0x7f9cc2b63170;
L_0x7f9cc1f79790 .cmp/eq 5, L_0x7f9cc1f79ed0, L_0x7f9cc2b631b8;
L_0x7f9cc1f798a0 .cmp/eq 5, L_0x7f9cc1f79ed0, L_0x7f9cc2b63200;
S_0x7f9cc1f6fba0 .scope module, "m2" "m_get_imm" 4 150, 4 192 0, S_0x7f9cc1f6e700;
 .timescale -9 -10;
    .port_info 0 /INPUT 32 "w_ir";
    .port_info 1 /INPUT 1 "w_i";
    .port_info 2 /INPUT 1 "w_s";
    .port_info 3 /INPUT 1 "w_b";
    .port_info 4 /INPUT 1 "w_u";
    .port_info 5 /INPUT 1 "w_j";
    .port_info 6 /OUTPUT 32 "w_imm";
v0x7f9cc1f6fdc0_0 .net *"_ivl_1", 0 0, L_0x7f9cc1f79f70;  1 drivers
v0x7f9cc1f6fe50_0 .net *"_ivl_10", 19 0, L_0x7f9cc1f7a6a0;  1 drivers
v0x7f9cc1f6ff00_0 .net *"_ivl_13", 6 0, L_0x7f9cc1f7a8b0;  1 drivers
v0x7f9cc1f6ffc0_0 .net *"_ivl_15", 4 0, L_0x7f9cc1f7a7f0;  1 drivers
v0x7f9cc1f70070_0 .net *"_ivl_16", 31 0, L_0x7f9cc1f7acb0;  1 drivers
v0x7f9cc1f70160_0 .net *"_ivl_19", 0 0, L_0x7f9cc1f7ada0;  1 drivers
v0x7f9cc1f70210_0 .net *"_ivl_2", 19 0, L_0x7f9cc1f7a090;  1 drivers
v0x7f9cc1f702c0_0 .net *"_ivl_20", 19 0, L_0x7f9cc1f7ae40;  1 drivers
v0x7f9cc1f70370_0 .net *"_ivl_23", 0 0, L_0x7f9cc1f7b070;  1 drivers
v0x7f9cc1f70480_0 .net *"_ivl_25", 5 0, L_0x7f9cc1f7b310;  1 drivers
v0x7f9cc1f70530_0 .net *"_ivl_27", 3 0, L_0x7f9cc1f7b3b0;  1 drivers
L_0x7f9cc2b63248 .functor BUFT 1, C4<0>, C4<0>, C4<0>, C4<0>;
v0x7f9cc1f705e0_0 .net/2u *"_ivl_28", 0 0, L_0x7f9cc2b63248;  1 drivers
v0x7f9cc1f70690_0 .net *"_ivl_30", 31 0, L_0x7f9cc1f7b4d0;  1 drivers
v0x7f9cc1f70740_0 .net *"_ivl_33", 19 0, L_0x7f9cc1f7b6b0;  1 drivers
L_0x7f9cc2b63290 .functor BUFT 1, C4<000000000000>, C4<0>, C4<0>, C4<0>;
v0x7f9cc1f707f0_0 .net/2u *"_ivl_34", 11 0, L_0x7f9cc2b63290;  1 drivers
v0x7f9cc1f708a0_0 .net *"_ivl_36", 31 0, L_0x7f9cc1f7b750;  1 drivers
v0x7f9cc1f70950_0 .net *"_ivl_39", 0 0, L_0x7f9cc1f7b8c0;  1 drivers
v0x7f9cc1f70ae0_0 .net *"_ivl_40", 11 0, L_0x7f9cc1f7b960;  1 drivers
v0x7f9cc1f70b70_0 .net *"_ivl_43", 7 0, L_0x7f9cc1f7ba00;  1 drivers
v0x7f9cc1f70c20_0 .net *"_ivl_45", 0 0, L_0x7f9cc1f7bc60;  1 drivers
v0x7f9cc1f70cd0_0 .net *"_ivl_47", 9 0, L_0x7f9cc1f7bbc0;  1 drivers
L_0x7f9cc2b632d8 .functor BUFT 1, C4<0>, C4<0>, C4<0>, C4<0>;
v0x7f9cc1f70d80_0 .net/2u *"_ivl_48", 0 0, L_0x7f9cc2b632d8;  1 drivers
v0x7f9cc1f70e30_0 .net *"_ivl_5", 11 0, L_0x7f9cc1f7a260;  1 drivers
v0x7f9cc1f70ee0_0 .net *"_ivl_50", 31 0, L_0x7f9cc1f7bf00;  1 drivers
L_0x7f9cc2b63320 .functor BUFT 1, C4<00000000000000000000000000000000>, C4<0>, C4<0>, C4<0>;
v0x7f9cc1f70f90_0 .net/2u *"_ivl_52", 31 0, L_0x7f9cc2b63320;  1 drivers
v0x7f9cc1f71040_0 .net *"_ivl_54", 31 0, L_0x7f9cc1f7abb0;  1 drivers
v0x7f9cc1f710f0_0 .net *"_ivl_56", 31 0, L_0x7f9cc1f7c160;  1 drivers
v0x7f9cc1f711a0_0 .net *"_ivl_58", 31 0, L_0x7f9cc1f7c2d0;  1 drivers
v0x7f9cc1f71250_0 .net *"_ivl_6", 31 0, L_0x7f9cc1f7a560;  1 drivers
v0x7f9cc1f71300_0 .net *"_ivl_60", 31 0, L_0x7f9cc1f7c3b0;  1 drivers
v0x7f9cc1f713b0_0 .net *"_ivl_9", 0 0, L_0x7f9cc1f7a600;  1 drivers
v0x7f9cc1f71460_0 .net "w_b", 0 0, L_0x7f9cc1f793b0;  alias, 1 drivers
v0x7f9cc1f71510_0 .net "w_i", 0 0, L_0x7f9cc1f79de0;  alias, 1 drivers
v0x7f9cc1f709e0_0 .net "w_imm", 31 0, L_0x7f9cc1f7c530;  alias, 1 drivers
v0x7f9cc1f717a0_0 .net "w_ir", 31 0, v0x7f9cc1f75a90_0;  alias, 1 drivers
v0x7f9cc1f71830_0 .net "w_j", 0 0, L_0x7f9cc1f79290;  alias, 1 drivers
v0x7f9cc1f718c0_0 .net "w_s", 0 0, L_0x7f9cc1f79550;  alias, 1 drivers
v0x7f9cc1f71950_0 .net "w_u", 0 0, L_0x7f9cc1f79980;  alias, 1 drivers
L_0x7f9cc1f79f70 .part v0x7f9cc1f75a90_0, 31, 1;
LS_0x7f9cc1f7a090_0_0 .concat [ 1 1 1 1], L_0x7f9cc1f79f70, L_0x7f9cc1f79f70, L_0x7f9cc1f79f70, L_0x7f9cc1f79f70;
LS_0x7f9cc1f7a090_0_4 .concat [ 1 1 1 1], L_0x7f9cc1f79f70, L_0x7f9cc1f79f70, L_0x7f9cc1f79f70, L_0x7f9cc1f79f70;
LS_0x7f9cc1f7a090_0_8 .concat [ 1 1 1 1], L_0x7f9cc1f79f70, L_0x7f9cc1f79f70, L_0x7f9cc1f79f70, L_0x7f9cc1f79f70;
LS_0x7f9cc1f7a090_0_12 .concat [ 1 1 1 1], L_0x7f9cc1f79f70, L_0x7f9cc1f79f70, L_0x7f9cc1f79f70, L_0x7f9cc1f79f70;
LS_0x7f9cc1f7a090_0_16 .concat [ 1 1 1 1], L_0x7f9cc1f79f70, L_0x7f9cc1f79f70, L_0x7f9cc1f79f70, L_0x7f9cc1f79f70;
LS_0x7f9cc1f7a090_1_0 .concat [ 4 4 4 4], LS_0x7f9cc1f7a090_0_0, LS_0x7f9cc1f7a090_0_4, LS_0x7f9cc1f7a090_0_8, LS_0x7f9cc1f7a090_0_12;
LS_0x7f9cc1f7a090_1_4 .concat [ 4 0 0 0], LS_0x7f9cc1f7a090_0_16;
L_0x7f9cc1f7a090 .concat [ 16 4 0 0], LS_0x7f9cc1f7a090_1_0, LS_0x7f9cc1f7a090_1_4;
L_0x7f9cc1f7a260 .part v0x7f9cc1f75a90_0, 20, 12;
L_0x7f9cc1f7a560 .concat [ 12 20 0 0], L_0x7f9cc1f7a260, L_0x7f9cc1f7a090;
L_0x7f9cc1f7a600 .part v0x7f9cc1f75a90_0, 31, 1;
LS_0x7f9cc1f7a6a0_0_0 .concat [ 1 1 1 1], L_0x7f9cc1f7a600, L_0x7f9cc1f7a600, L_0x7f9cc1f7a600, L_0x7f9cc1f7a600;
LS_0x7f9cc1f7a6a0_0_4 .concat [ 1 1 1 1], L_0x7f9cc1f7a600, L_0x7f9cc1f7a600, L_0x7f9cc1f7a600, L_0x7f9cc1f7a600;
LS_0x7f9cc1f7a6a0_0_8 .concat [ 1 1 1 1], L_0x7f9cc1f7a600, L_0x7f9cc1f7a600, L_0x7f9cc1f7a600, L_0x7f9cc1f7a600;
LS_0x7f9cc1f7a6a0_0_12 .concat [ 1 1 1 1], L_0x7f9cc1f7a600, L_0x7f9cc1f7a600, L_0x7f9cc1f7a600, L_0x7f9cc1f7a600;
LS_0x7f9cc1f7a6a0_0_16 .concat [ 1 1 1 1], L_0x7f9cc1f7a600, L_0x7f9cc1f7a600, L_0x7f9cc1f7a600, L_0x7f9cc1f7a600;
LS_0x7f9cc1f7a6a0_1_0 .concat [ 4 4 4 4], LS_0x7f9cc1f7a6a0_0_0, LS_0x7f9cc1f7a6a0_0_4, LS_0x7f9cc1f7a6a0_0_8, LS_0x7f9cc1f7a6a0_0_12;
LS_0x7f9cc1f7a6a0_1_4 .concat [ 4 0 0 0], LS_0x7f9cc1f7a6a0_0_16;
L_0x7f9cc1f7a6a0 .concat [ 16 4 0 0], LS_0x7f9cc1f7a6a0_1_0, LS_0x7f9cc1f7a6a0_1_4;
L_0x7f9cc1f7a8b0 .part v0x7f9cc1f75a90_0, 25, 7;
L_0x7f9cc1f7a7f0 .part v0x7f9cc1f75a90_0, 7, 5;
L_0x7f9cc1f7acb0 .concat [ 5 7 20 0], L_0x7f9cc1f7a7f0, L_0x7f9cc1f7a8b0, L_0x7f9cc1f7a6a0;
L_0x7f9cc1f7ada0 .part v0x7f9cc1f75a90_0, 31, 1;
LS_0x7f9cc1f7ae40_0_0 .concat [ 1 1 1 1], L_0x7f9cc1f7ada0, L_0x7f9cc1f7ada0, L_0x7f9cc1f7ada0, L_0x7f9cc1f7ada0;
LS_0x7f9cc1f7ae40_0_4 .concat [ 1 1 1 1], L_0x7f9cc1f7ada0, L_0x7f9cc1f7ada0, L_0x7f9cc1f7ada0, L_0x7f9cc1f7ada0;
LS_0x7f9cc1f7ae40_0_8 .concat [ 1 1 1 1], L_0x7f9cc1f7ada0, L_0x7f9cc1f7ada0, L_0x7f9cc1f7ada0, L_0x7f9cc1f7ada0;
LS_0x7f9cc1f7ae40_0_12 .concat [ 1 1 1 1], L_0x7f9cc1f7ada0, L_0x7f9cc1f7ada0, L_0x7f9cc1f7ada0, L_0x7f9cc1f7ada0;
LS_0x7f9cc1f7ae40_0_16 .concat [ 1 1 1 1], L_0x7f9cc1f7ada0, L_0x7f9cc1f7ada0, L_0x7f9cc1f7ada0, L_0x7f9cc1f7ada0;
LS_0x7f9cc1f7ae40_1_0 .concat [ 4 4 4 4], LS_0x7f9cc1f7ae40_0_0, LS_0x7f9cc1f7ae40_0_4, LS_0x7f9cc1f7ae40_0_8, LS_0x7f9cc1f7ae40_0_12;
LS_0x7f9cc1f7ae40_1_4 .concat [ 4 0 0 0], LS_0x7f9cc1f7ae40_0_16;
L_0x7f9cc1f7ae40 .concat [ 16 4 0 0], LS_0x7f9cc1f7ae40_1_0, LS_0x7f9cc1f7ae40_1_4;
L_0x7f9cc1f7b070 .part v0x7f9cc1f75a90_0, 7, 1;
L_0x7f9cc1f7b310 .part v0x7f9cc1f75a90_0, 25, 6;
L_0x7f9cc1f7b3b0 .part v0x7f9cc1f75a90_0, 8, 4;
LS_0x7f9cc1f7b4d0_0_0 .concat [ 1 4 6 1], L_0x7f9cc2b63248, L_0x7f9cc1f7b3b0, L_0x7f9cc1f7b310, L_0x7f9cc1f7b070;
LS_0x7f9cc1f7b4d0_0_4 .concat [ 20 0 0 0], L_0x7f9cc1f7ae40;
L_0x7f9cc1f7b4d0 .concat [ 12 20 0 0], LS_0x7f9cc1f7b4d0_0_0, LS_0x7f9cc1f7b4d0_0_4;
L_0x7f9cc1f7b6b0 .part v0x7f9cc1f75a90_0, 12, 20;
L_0x7f9cc1f7b750 .concat [ 12 20 0 0], L_0x7f9cc2b63290, L_0x7f9cc1f7b6b0;
L_0x7f9cc1f7b8c0 .part v0x7f9cc1f75a90_0, 31, 1;
LS_0x7f9cc1f7b960_0_0 .concat [ 1 1 1 1], L_0x7f9cc1f7b8c0, L_0x7f9cc1f7b8c0, L_0x7f9cc1f7b8c0, L_0x7f9cc1f7b8c0;
LS_0x7f9cc1f7b960_0_4 .concat [ 1 1 1 1], L_0x7f9cc1f7b8c0, L_0x7f9cc1f7b8c0, L_0x7f9cc1f7b8c0, L_0x7f9cc1f7b8c0;
LS_0x7f9cc1f7b960_0_8 .concat [ 1 1 1 1], L_0x7f9cc1f7b8c0, L_0x7f9cc1f7b8c0, L_0x7f9cc1f7b8c0, L_0x7f9cc1f7b8c0;
L_0x7f9cc1f7b960 .concat [ 4 4 4 0], LS_0x7f9cc1f7b960_0_0, LS_0x7f9cc1f7b960_0_4, LS_0x7f9cc1f7b960_0_8;
L_0x7f9cc1f7ba00 .part v0x7f9cc1f75a90_0, 12, 8;
L_0x7f9cc1f7bc60 .part v0x7f9cc1f75a90_0, 20, 1;
L_0x7f9cc1f7bbc0 .part v0x7f9cc1f75a90_0, 21, 10;
LS_0x7f9cc1f7bf00_0_0 .concat [ 1 10 1 8], L_0x7f9cc2b632d8, L_0x7f9cc1f7bbc0, L_0x7f9cc1f7bc60, L_0x7f9cc1f7ba00;
LS_0x7f9cc1f7bf00_0_4 .concat [ 12 0 0 0], L_0x7f9cc1f7b960;
L_0x7f9cc1f7bf00 .concat [ 20 12 0 0], LS_0x7f9cc1f7bf00_0_0, LS_0x7f9cc1f7bf00_0_4;
L_0x7f9cc1f7abb0 .functor MUXZ 32, L_0x7f9cc2b63320, L_0x7f9cc1f7bf00, L_0x7f9cc1f79290, C4<>;
L_0x7f9cc1f7c160 .functor MUXZ 32, L_0x7f9cc1f7abb0, L_0x7f9cc1f7b750, L_0x7f9cc1f79980, C4<>;
L_0x7f9cc1f7c2d0 .functor MUXZ 32, L_0x7f9cc1f7c160, L_0x7f9cc1f7b4d0, L_0x7f9cc1f793b0, C4<>;
L_0x7f9cc1f7c3b0 .functor MUXZ 32, L_0x7f9cc1f7c2d0, L_0x7f9cc1f7acb0, L_0x7f9cc1f79550, C4<>;
L_0x7f9cc1f7c530 .functor MUXZ 32, L_0x7f9cc1f7c3b0, L_0x7f9cc1f7a560, L_0x7f9cc1f79de0, C4<>;
S_0x7f9cc1f72420 .scope module, "m5" "m_RF2" 4 33, 4 122 0, S_0x7f9cc1f2c1a0;
 .timescale -9 -10;
    .port_info 0 /INPUT 1 "w_clk";
    .port_info 1 /INPUT 5 "w_ra1";
    .port_info 2 /INPUT 5 "w_ra2";
    .port_info 3 /OUTPUT 32 "w_rd1";
    .port_info 4 /OUTPUT 32 "w_rd2";
    .port_info 5 /INPUT 5 "w_wa";
    .port_info 6 /INPUT 1 "w_we";
    .port_info 7 /INPUT 32 "w_wd";
L_0x7f9cc1f7c9d0 .functor AND 1, L_0x7f9cc1f7dd30, L_0x7f9cc1f7c8f0, C4<1>, C4<1>;
L_0x7f9cc1f7cb20 .functor AND 1, L_0x7f9cc1f7dd30, L_0x7f9cc1f7ca80, C4<1>, C4<1>;
v0x7f9cc1f72a70_0 .net *"_ivl_0", 0 0, L_0x7f9cc1f7c8f0;  1 drivers
v0x7f9cc1f72b10_0 .net *"_ivl_10", 0 0, L_0x7f9cc1f7cc10;  1 drivers
L_0x7f9cc2b63440 .functor BUFT 1, C4<00000000000000000000000000000000>, C4<0>, C4<0>, C4<0>;
v0x7f9cc1f72bb0_0 .net/2u *"_ivl_12", 31 0, L_0x7f9cc2b63440;  1 drivers
v0x7f9cc1f72c70_0 .net *"_ivl_14", 31 0, L_0x7f9cc1f7cd30;  1 drivers
v0x7f9cc1f72d20_0 .net *"_ivl_16", 6 0, L_0x7f9cc1f7ce10;  1 drivers
L_0x7f9cc2b63488 .functor BUFT 1, C4<00>, C4<0>, C4<0>, C4<0>;
v0x7f9cc1f72e10_0 .net *"_ivl_19", 1 0, L_0x7f9cc2b63488;  1 drivers
v0x7f9cc1f72ec0_0 .net *"_ivl_20", 31 0, L_0x7f9cc1f7d080;  1 drivers
L_0x7f9cc2b634d0 .functor BUFT 1, C4<00000>, C4<0>, C4<0>, C4<0>;
v0x7f9cc1f72f70_0 .net/2u *"_ivl_24", 4 0, L_0x7f9cc2b634d0;  1 drivers
v0x7f9cc1f73020_0 .net *"_ivl_26", 0 0, L_0x7f9cc1f7d300;  1 drivers
L_0x7f9cc2b63518 .functor BUFT 1, C4<00000000000000000000000000000000>, C4<0>, C4<0>, C4<0>;
v0x7f9cc1f73130_0 .net/2u *"_ivl_28", 31 0, L_0x7f9cc2b63518;  1 drivers
v0x7f9cc1f731d0_0 .net *"_ivl_30", 31 0, L_0x7f9cc1f7d3e0;  1 drivers
v0x7f9cc1f73280_0 .net *"_ivl_32", 6 0, L_0x7f9cc1f7d4d0;  1 drivers
L_0x7f9cc2b63560 .functor BUFT 1, C4<00>, C4<0>, C4<0>, C4<0>;
v0x7f9cc1f73330_0 .net *"_ivl_35", 1 0, L_0x7f9cc2b63560;  1 drivers
v0x7f9cc1f733e0_0 .net *"_ivl_36", 31 0, L_0x7f9cc1f7d5b0;  1 drivers
v0x7f9cc1f73490_0 .net *"_ivl_4", 0 0, L_0x7f9cc1f7ca80;  1 drivers
L_0x7f9cc2b633f8 .functor BUFT 1, C4<00000>, C4<0>, C4<0>, C4<0>;
v0x7f9cc1f73530_0 .net/2u *"_ivl_8", 4 0, L_0x7f9cc2b633f8;  1 drivers
v0x7f9cc1f735e0_0 .var/i "i", 31 0;
v0x7f9cc1f73770 .array "mem", 31 0, 31 0;
v0x7f9cc1f73800_0 .net "w_bp1", 0 0, L_0x7f9cc1f7c9d0;  1 drivers
v0x7f9cc1f73890_0 .net "w_bp2", 0 0, L_0x7f9cc1f7cb20;  1 drivers
v0x7f9cc1f73930_0 .net "w_clk", 0 0, v0x7f9cc1f78930_0;  alias, 1 drivers
v0x7f9cc1f739d0_0 .net "w_ra1", 4 0, L_0x7f9cc1f7d850;  1 drivers
v0x7f9cc1f73a80_0 .net "w_ra2", 4 0, L_0x7f9cc1f7d970;  1 drivers
v0x7f9cc1f73b30_0 .net "w_rd1", 31 0, L_0x7f9cc1f7d120;  alias, 1 drivers
v0x7f9cc1f73be0_0 .net "w_rd2", 31 0, L_0x7f9cc1f7d6f0;  alias, 1 drivers
v0x7f9cc1f73c90_0 .net "w_wa", 4 0, v0x7f9cc1f76990_0;  1 drivers
v0x7f9cc1f73d40_0 .net "w_wd", 31 0, L_0x7f9cc1f7e950;  alias, 1 drivers
v0x7f9cc1f73de0_0 .net "w_we", 0 0, L_0x7f9cc1f7dd30;  1 drivers
E_0x7f9cc1f72690 .event posedge, v0x7f9cc1f73930_0;
L_0x7f9cc1f7c8f0 .cmp/eq 5, L_0x7f9cc1f7d850, v0x7f9cc1f76990_0;
L_0x7f9cc1f7ca80 .cmp/eq 5, L_0x7f9cc1f7d970, v0x7f9cc1f76990_0;
L_0x7f9cc1f7cc10 .cmp/eq 5, L_0x7f9cc1f7d850, L_0x7f9cc2b633f8;
L_0x7f9cc1f7cd30 .array/port v0x7f9cc1f73770, L_0x7f9cc1f7ce10;
L_0x7f9cc1f7ce10 .concat [ 5 2 0 0], L_0x7f9cc1f7d850, L_0x7f9cc2b63488;
L_0x7f9cc1f7d080 .functor MUXZ 32, L_0x7f9cc1f7cd30, L_0x7f9cc1f7e950, L_0x7f9cc1f7c9d0, C4<>;
L_0x7f9cc1f7d120 .functor MUXZ 32, L_0x7f9cc1f7d080, L_0x7f9cc2b63440, L_0x7f9cc1f7cc10, C4<>;
L_0x7f9cc1f7d300 .cmp/eq 5, L_0x7f9cc1f7d970, L_0x7f9cc2b634d0;
L_0x7f9cc1f7d3e0 .array/port v0x7f9cc1f73770, L_0x7f9cc1f7d4d0;
L_0x7f9cc1f7d4d0 .concat [ 5 2 0 0], L_0x7f9cc1f7d970, L_0x7f9cc2b63560;
L_0x7f9cc1f7d5b0 .functor MUXZ 32, L_0x7f9cc1f7d3e0, L_0x7f9cc1f7e950, L_0x7f9cc1f7cb20, C4<>;
L_0x7f9cc1f7d6f0 .functor MUXZ 32, L_0x7f9cc1f7d5b0, L_0x7f9cc2b63518, L_0x7f9cc1f7d300, C4<>;
S_0x7f9cc1f726d0 .scope begin, "_finish" "_finish" 4 138, 4 138 0, S_0x7f9cc1f72420;
 .timescale -9 -10;
S_0x7f9cc1f728a0 .scope begin, "_update" "_update" 4 134, 4 134 0, S_0x7f9cc1f72420;
 .timescale -9 -10;
S_0x7f9cc1f73f00 .scope module, "m6" "m_adder" 4 38, 4 172 0, S_0x7f9cc1f2c1a0;
 .timescale -9 -10;
    .port_info 0 /INPUT 32 "w_in1";
    .port_info 1 /INPUT 32 "w_in2";
    .port_info 2 /OUTPUT 32 "w_out";
v0x7f9cc1f74130_0 .net "w_in1", 31 0, L_0x7f9cc1f7c530;  alias, 1 drivers
v0x7f9cc1f741e0_0 .net "w_in2", 31 0, v0x7f9cc1f75b80_0;  1 drivers
v0x7f9cc1f74280_0 .net "w_out", 31 0, L_0x7f9cc1f7de20;  alias, 1 drivers
L_0x7f9cc1f7de20 .arith/sum 32, L_0x7f9cc1f7c530, v0x7f9cc1f75b80_0;
S_0x7f9cc1f74380 .scope module, "m7" "m_mux" 4 43, 4 163 0, S_0x7f9cc1f2c1a0;
 .timescale -9 -10;
    .port_info 0 /INPUT 32 "w_in1";
    .port_info 1 /INPUT 32 "w_in2";
    .port_info 2 /INPUT 1 "w_control";
    .port_info 3 /OUTPUT 32 "w_out";
v0x7f9cc1f745a0_0 .net "w_control", 0 0, L_0x7f9cc1f7e200;  1 drivers
v0x7f9cc1f74650_0 .net "w_in1", 31 0, L_0x7f9cc1f7d6f0;  alias, 1 drivers
v0x7f9cc1f74710_0 .net "w_in2", 31 0, L_0x7f9cc1f7c530;  alias, 1 drivers
v0x7f9cc1f747c0_0 .net "w_out", 31 0, L_0x7f9cc1f7df60;  alias, 1 drivers
L_0x7f9cc1f7df60 .functor MUXZ 32, L_0x7f9cc1f7d6f0, L_0x7f9cc1f7c530, L_0x7f9cc1f7e200, C4<>;
S_0x7f9cc1f748c0 .scope module, "m8" "m_alu" 4 58, 4 110 0, S_0x7f9cc1f2c1a0;
 .timescale -9 -10;
    .port_info 0 /INPUT 32 "w_in1";
    .port_info 1 /INPUT 32 "w_in2";
    .port_info 2 /OUTPUT 32 "w_out";
    .port_info 3 /OUTPUT 1 "w_tkn";
v0x7f9cc1f74ae0_0 .net "w_in1", 31 0, L_0x7f9cc1f7f100;  alias, 1 drivers
v0x7f9cc1f74bb0_0 .net "w_in2", 31 0, L_0x7f9cc1f7f350;  alias, 1 drivers
v0x7f9cc1f74c60_0 .net "w_out", 31 0, L_0x7f9cc1f7e2f0;  alias, 1 drivers
v0x7f9cc1f74d10_0 .net "w_tkn", 0 0, L_0x7f9cc1f7e3f0;  alias, 1 drivers
L_0x7f9cc1f7e2f0 .arith/sum 32, L_0x7f9cc1f7f100, L_0x7f9cc1f7f350;
L_0x7f9cc1f7e3f0 .cmp/ne 32, L_0x7f9cc1f7f100, L_0x7f9cc1f7f350;
S_0x7f9cc1f74e10 .scope module, "m9" "m_am_dmem" 4 65, 4 96 0, S_0x7f9cc1f2c1a0;
 .timescale -9 -10;
    .port_info 0 /INPUT 1 "w_clk";
    .port_info 1 /INPUT 32 "w_adr";
    .port_info 2 /INPUT 1 "w_we";
    .port_info 3 /INPUT 32 "w_wd";
    .port_info 4 /OUTPUT 32 "w_rd";
L_0x7f9cc1f7e7f0 .functor BUFZ 32, L_0x7f9cc1f7e590, C4<00000000000000000000000000000000>, C4<00000000000000000000000000000000>, C4<00000000000000000000000000000000>;
v0x7f9cc1f75250_0 .net *"_ivl_0", 31 0, L_0x7f9cc1f7e590;  1 drivers
v0x7f9cc1f75310_0 .net *"_ivl_3", 5 0, L_0x7f9cc1f7e630;  1 drivers
v0x7f9cc1f753b0_0 .net *"_ivl_4", 7 0, L_0x7f9cc1f7e750;  1 drivers
L_0x7f9cc2b635a8 .functor BUFT 1, C4<00>, C4<0>, C4<0>, C4<0>;
v0x7f9cc1f75460_0 .net *"_ivl_7", 1 0, L_0x7f9cc2b635a8;  1 drivers
v0x7f9cc1f75510_0 .var/i "i", 31 0;
v0x7f9cc1f75600 .array "mem", 63 0, 31 0;
v0x7f9cc1f756a0_0 .net "w_adr", 31 0, L_0x7f9cc1f7e2f0;  alias, 1 drivers
v0x7f9cc1f75740_0 .net "w_clk", 0 0, v0x7f9cc1f78930_0;  alias, 1 drivers
v0x7f9cc1f757f0_0 .net "w_rd", 31 0, L_0x7f9cc1f7e7f0;  alias, 1 drivers
v0x7f9cc1f75900_0 .net "w_wd", 31 0, L_0x7f9cc1f7f830;  alias, 1 drivers
v0x7f9cc1f759c0_0 .net "w_we", 0 0, L_0x7f9cc1f7e8a0;  1 drivers
L_0x7f9cc1f7e590 .array/port v0x7f9cc1f75600, L_0x7f9cc1f7e750;
L_0x7f9cc1f7e630 .part L_0x7f9cc1f7e2f0, 2, 6;
L_0x7f9cc1f7e750 .concat [ 6 2 0 0], L_0x7f9cc1f7e630, L_0x7f9cc2b635a8;
S_0x7f9cc1f75080 .scope begin, "_update" "_update" 4 103, 4 103 0, S_0x7f9cc1f74e10;
 .timescale -9 -10;
    .scope S_0x7f9cc1f6df40;
T_0 ;
    %pushi/vec4 0, 0, 32;
    %store/vec4 v0x7f9cc1f6e400_0, 0, 32;
T_0.0 ;
    %load/vec4 v0x7f9cc1f6e400_0;
    %cmpi/s 64, 0, 32;
    %jmp/0xz T_0.1, 5;
    %pushi/vec4 0, 0, 32;
    %ix/getv/s 4, v0x7f9cc1f6e400_0;
    %store/vec4a v0x7f9cc1f6e4f0, 4, 0;
    %load/vec4 v0x7f9cc1f6e400_0;
    %addi 1, 0, 32;
    %store/vec4 v0x7f9cc1f6e400_0, 0, 32;
    %jmp T_0.0;
T_0.1 ;
    %end;
    .thread T_0;
    .scope S_0x7f9cc1f72420;
T_1 ;
    %wait E_0x7f9cc1f72690;
    %fork t_1, S_0x7f9cc1f728a0;
    %jmp t_0;
    .scope S_0x7f9cc1f728a0;
t_1 ;
    %load/vec4 v0x7f9cc1f73de0_0;
    %flag_set/vec4 8;
    %jmp/0xz  T_1.0, 8;
    %load/vec4 v0x7f9cc1f73d40_0;
    %load/vec4 v0x7f9cc1f73c90_0;
    %pad/u 7;
    %ix/vec4 3;
    %ix/load 4, 0, 0; Constant delay
    %assign/vec4/a/d v0x7f9cc1f73770, 0, 4;
T_1.0 ;
    %end;
    .scope S_0x7f9cc1f72420;
t_0 %join;
    %jmp T_1;
    .thread T_1;
    .scope S_0x7f9cc1f72420;
T_2 ;
    %wait E_0x7f9cc1f72690;
    %fork t_3, S_0x7f9cc1f726d0;
    %jmp t_2;
    .scope S_0x7f9cc1f726d0;
t_3 ;
    %load/vec4 v0x7f9cc1f73de0_0;
    %load/vec4 v0x7f9cc1f73c90_0;
    %pushi/vec4 30, 0, 5;
    %cmp/e;
    %flag_get/vec4 4;
    %and;
    %flag_set/vec4 8;
    %jmp/0xz  T_2.0, 8;
    %vpi_call/w 4 139 "$finish" {0 0 0};
T_2.0 ;
    %end;
    .scope S_0x7f9cc1f72420;
t_2 %join;
    %jmp T_2;
    .thread T_2;
    .scope S_0x7f9cc1f72420;
T_3 ;
    %pushi/vec4 0, 0, 32;
    %store/vec4 v0x7f9cc1f735e0_0, 0, 32;
T_3.0 ;
    %load/vec4 v0x7f9cc1f735e0_0;
    %cmpi/s 32, 0, 32;
    %jmp/0xz T_3.1, 5;
    %pushi/vec4 0, 0, 32;
    %ix/getv/s 4, v0x7f9cc1f735e0_0;
    %store/vec4a v0x7f9cc1f73770, 4, 0;
    %load/vec4 v0x7f9cc1f735e0_0;
    %addi 1, 0, 32;
    %store/vec4 v0x7f9cc1f735e0_0, 0, 32;
    %jmp T_3.0;
T_3.1 ;
    %end;
    .thread T_3;
    .scope S_0x7f9cc1f74e10;
T_4 ;
    %wait E_0x7f9cc1f72690;
    %fork t_5, S_0x7f9cc1f75080;
    %jmp t_4;
    .scope S_0x7f9cc1f75080;
t_5 ;
    %load/vec4 v0x7f9cc1f759c0_0;
    %flag_set/vec4 8;
    %jmp/0xz  T_4.0, 8;
    %load/vec4 v0x7f9cc1f75900_0;
    %load/vec4 v0x7f9cc1f756a0_0;
    %parti/s 6, 2, 3;
    %pad/u 8;
    %ix/vec4 3;
    %ix/load 4, 0, 0; Constant delay
    %assign/vec4/a/d v0x7f9cc1f75600, 0, 4;
T_4.0 ;
    %end;
    .scope S_0x7f9cc1f74e10;
t_4 %join;
    %jmp T_4;
    .thread T_4;
    .scope S_0x7f9cc1f74e10;
T_5 ;
    %pushi/vec4 0, 0, 32;
    %store/vec4 v0x7f9cc1f75510_0, 0, 32;
T_5.0 ;
    %load/vec4 v0x7f9cc1f75510_0;
    %cmpi/s 64, 0, 32;
    %jmp/0xz T_5.1, 5;
    %pushi/vec4 0, 0, 32;
    %ix/getv/s 4, v0x7f9cc1f75510_0;
    %store/vec4a v0x7f9cc1f75600, 4, 0;
    %load/vec4 v0x7f9cc1f75510_0;
    %addi 1, 0, 32;
    %store/vec4 v0x7f9cc1f75510_0, 0, 32;
    %jmp T_5.0;
T_5.1 ;
    %end;
    .thread T_5;
    .scope S_0x7f9cc1f2c1a0;
T_6 ;
    %pushi/vec4 19, 0, 32;
    %store/vec4 v0x7f9cc1f75a90_0, 0, 32;
    %pushi/vec4 0, 0, 32;
    %store/vec4 v0x7f9cc1f75b80_0, 0, 32;
    %pushi/vec4 0, 0, 32;
    %store/vec4 v0x7f9cc1f75e10_0, 0, 32;
    %pushi/vec4 0, 0, 32;
    %store/vec4 v0x7f9cc1f76900_0, 0, 32;
    %pushi/vec4 0, 0, 32;
    %store/vec4 v0x7f9cc1f75f60_0, 0, 32;
    %pushi/vec4 0, 0, 32;
    %store/vec4 v0x7f9cc1f76390_0, 0, 32;
    %pushi/vec4 0, 0, 32;
    %store/vec4 v0x7f9cc1f76000_0, 0, 32;
    %pushi/vec4 0, 0, 32;
    %store/vec4 v0x7f9cc1f76450_0, 0, 32;
    %pushi/vec4 0, 0, 32;
    %store/vec4 v0x7f9cc1f76590_0, 0, 32;
    %pushi/vec4 0, 0, 32;
    %store/vec4 v0x7f9cc1f76870_0, 0, 32;
    %pushi/vec4 0, 0, 1;
    %store/vec4 v0x7f9cc1f75ec0_0, 0, 1;
    %pushi/vec4 0, 0, 1;
    %store/vec4 v0x7f9cc1f762f0_0, 0, 1;
    %pushi/vec4 0, 0, 1;
    %store/vec4 v0x7f9cc1f75ca0_0, 0, 1;
    %pushi/vec4 0, 0, 1;
    %store/vec4 v0x7f9cc1f75d30_0, 0, 1;
    %pushi/vec4 0, 0, 1;
    %store/vec4 v0x7f9cc1f76a20_0, 0, 1;
    %pushi/vec4 0, 0, 1;
    %store/vec4 v0x7f9cc1f76750_0, 0, 1;
    %pushi/vec4 0, 0, 1;
    %store/vec4 v0x7f9cc1f767e0_0, 0, 1;
    %pushi/vec4 0, 0, 5;
    %store/vec4 v0x7f9cc1f76130_0, 0, 5;
    %pushi/vec4 0, 0, 5;
    %store/vec4 v0x7f9cc1f761c0_0, 0, 5;
    %pushi/vec4 0, 0, 5;
    %store/vec4 v0x7f9cc1f76250_0, 0, 5;
    %pushi/vec4 0, 0, 5;
    %store/vec4 v0x7f9cc1f76990_0, 0, 5;
    %pushi/vec4 0, 0, 1;
    %store/vec4 v0x7f9cc1f75c10_0, 0, 1;
    %pushi/vec4 0, 0, 1;
    %store/vec4 v0x7f9cc1f76500_0, 0, 1;
    %pushi/vec4 0, 0, 1;
    %store/vec4 v0x7f9cc1f76ab0_0, 0, 1;
    %pushi/vec4 0, 0, 32;
    %store/vec4 v0x7f9cc1f77750_0, 0, 32;
    %end;
    .thread T_6, $init;
    .scope S_0x7f9cc1f2c1a0;
T_7 ;
    %wait E_0x7f9cc1f72690;
    %fork t_7, S_0x7f9cc1f289b0;
    %jmp t_6;
    .scope S_0x7f9cc1f289b0;
t_7 ;
    %load/vec4 v0x7f9cc1f78110_0;
    %nor/r;
    %load/vec4 v0x7f9cc1f78110_0;
    %nor/r;
    %load/vec4 v0x7f9cc1f75c10_0;
    %and;
    %concat/vec4; draw_concat_vec4
    %load/vec4 v0x7f9cc1f76500_0;
    %concat/vec4; draw_concat_vec4
    %split/vec4 1;
    %assign/vec4 v0x7f9cc1f76ab0_0, 0;
    %split/vec4 1;
    %assign/vec4 v0x7f9cc1f76500_0, 0;
    %assign/vec4 v0x7f9cc1f75c10_0, 0;
    %load/vec4 v0x7f9cc1f78290_0;
    %load/vec4 v0x7f9cc1f77ed0_0;
    %concat/vec4; draw_concat_vec4
    %load/vec4 v0x7f9cc1f77750_0;
    %concat/vec4; draw_concat_vec4
    %load/vec4 v0x7f9cc1f75b80_0;
    %concat/vec4; draw_concat_vec4
    %split/vec4 32;
    %assign/vec4 v0x7f9cc1f75e10_0, 0;
    %split/vec4 32;
    %assign/vec4 v0x7f9cc1f75b80_0, 0;
    %split/vec4 32;
    %assign/vec4 v0x7f9cc1f75a90_0, 0;
    %assign/vec4 v0x7f9cc1f77750_0, 0;
    %load/vec4 v0x7f9cc1f783f0_0;
    %load/vec4 v0x7f9cc1f78480_0;
    %concat/vec4; draw_concat_vec4
    %load/vec4 v0x7f9cc1f78670_0;
    %concat/vec4; draw_concat_vec4
    %load/vec4 v0x7f9cc1f77120_0;
    %concat/vec4; draw_concat_vec4
    %split/vec4 32;
    %assign/vec4 v0x7f9cc1f76450_0, 0;
    %split/vec4 32;
    %assign/vec4 v0x7f9cc1f76390_0, 0;
    %split/vec4 32;
    %assign/vec4 v0x7f9cc1f76000_0, 0;
    %assign/vec4 v0x7f9cc1f75f60_0, 0;
    %load/vec4 v0x7f9cc1f78320_0;
    %load/vec4 v0x7f9cc1f785e0_0;
    %concat/vec4; draw_concat_vec4
    %load/vec4 v0x7f9cc1f77910_0;
    %concat/vec4; draw_concat_vec4
    %load/vec4 v0x7f9cc1f77ff0_0;
    %concat/vec4; draw_concat_vec4
    %split/vec4 1;
    %assign/vec4 v0x7f9cc1f75d30_0, 0;
    %split/vec4 1;
    %assign/vec4 v0x7f9cc1f75ca0_0, 0;
    %split/vec4 1;
    %assign/vec4 v0x7f9cc1f762f0_0, 0;
    %assign/vec4 v0x7f9cc1f75ec0_0, 0;
    %load/vec4 v0x7f9cc1f75a90_0;
    %parti/s 10, 15, 5;
    %load/vec4 v0x7f9cc1f75a90_0;
    %parti/s 5, 7, 4;
    %concat/vec4; draw_concat_vec4
    %split/vec4 5;
    %assign/vec4 v0x7f9cc1f76130_0, 0;
    %split/vec4 5;
    %assign/vec4 v0x7f9cc1f76250_0, 0;
    %assign/vec4 v0x7f9cc1f76250_0, 0;
    %load/vec4 v0x7f9cc1f75e10_0;
    %load/vec4 v0x7f9cc1f75d30_0;
    %concat/vec4; draw_concat_vec4
    %split/vec4 1;
    %assign/vec4 v0x7f9cc1f767e0_0, 0;
    %assign/vec4 v0x7f9cc1f76900_0, 0;
    %load/vec4 v0x7f9cc1f77830_0;
    %load/vec4 v0x7f9cc1f78080_0;
    %concat/vec4; draw_concat_vec4
    %load/vec4 v0x7f9cc1f76130_0;
    %concat/vec4; draw_concat_vec4
    %split/vec4 5;
    %assign/vec4 v0x7f9cc1f76990_0, 0;
    %split/vec4 32;
    %assign/vec4 v0x7f9cc1f76870_0, 0;
    %assign/vec4 v0x7f9cc1f76590_0, 0;
    %end;
    .scope S_0x7f9cc1f2c1a0;
t_6 %join;
    %jmp T_7;
    .thread T_7;
    .scope S_0x7f9cc1f2c030;
T_8 ;
    %vpi_call/w 3 8 "$display", "CC\011r_pc\011P1\011P2\011P3\011\011w_in1\011w_in2\011w_alu" {0 0 0};
    %pushi/vec4 1299, 0, 32;
    %ix/load 4, 0, 0;
    %flag_set/imm 4, 0;
    %store/vec4a v0x7f9cc1f6e4f0, 4, 0;
    %pushi/vec4 403, 0, 32;
    %ix/load 4, 1, 0;
    %flag_set/imm 4, 0;
    %store/vec4a v0x7f9cc1f6e4f0, 4, 0;
    %pushi/vec4 105906323, 0, 32;
    %ix/load 4, 2, 0;
    %flag_set/imm 4, 0;
    %store/vec4a v0x7f9cc1f6e4f0, 4, 0;
    %pushi/vec4 3474739, 0, 32;
    %ix/load 4, 3, 0;
    %flag_set/imm 4, 0;
    %store/vec4a v0x7f9cc1f6e4f0, 4, 0;
    %pushi/vec4 1147283, 0, 32;
    %ix/load 4, 4, 0;
    %flag_set/imm 4, 0;
    %store/vec4a v0x7f9cc1f6e4f0, 4, 0;
    %pushi/vec4 4262567139, 0, 32;
    %ix/load 4, 5, 0;
    %flag_set/imm 4, 0;
    %store/vec4a v0x7f9cc1f6e4f0, 4, 0;
    %pushi/vec4 331539, 0, 32;
    %ix/load 4, 6, 0;
    %flag_set/imm 4, 0;
    %store/vec4a v0x7f9cc1f6e4f0, 4, 0;
    %end;
    .thread T_8;
    .scope S_0x7f9cc1f2c030;
T_9 ;
    %delay 990, 0;
T_9.0 ;
    %delay 1000, 0;
    %vpi_call/w 3 12 "$display", "CC%1d %h %h %h %h %d %d %d", v0x7f9cc1f77260_0, v0x7f9cc1f77750_0, v0x7f9cc1f75b80_0, v0x7f9cc1f75e10_0, v0x7f9cc1f76900_0, v0x7f9cc1f77ca0_0, v0x7f9cc1f77d30_0, v0x7f9cc1f77830_0 {0 0 0};
    %jmp T_9.0;
    %end;
    .thread T_9;
    .scope S_0x7f9cc1f59d00;
T_10 ;
    %pushi/vec4 0, 0, 1;
    %store/vec4 v0x7f9cc1f78930_0, 0, 1;
    %pushi/vec4 0, 0, 32;
    %store/vec4 v0x7f9cc1f78870_0, 0, 32;
    %end;
    .thread T_10, $init;
    .scope S_0x7f9cc1f59d00;
T_11 ;
    %delay 1500, 0;
T_11.0 ;
    %delay 500, 0;
    %load/vec4 v0x7f9cc1f78930_0;
    %inv;
    %store/vec4 v0x7f9cc1f78930_0, 0, 1;
    %jmp T_11.0;
    %end;
    .thread T_11;
    .scope S_0x7f9cc1f59d00;
T_12 ;
    %wait E_0x7f9cc1f72690;
    %fork t_9, S_0x7f9cc1f42570;
    %jmp t_8;
    .scope S_0x7f9cc1f42570;
t_9 ;
    %load/vec4 v0x7f9cc1f78870_0;
    %cmpi/e 20, 0, 32;
    %jmp/0xz  T_12.0, 4;
    %vpi_call/w 3 21 "$finish" {0 0 0};
T_12.0 ;
    %load/vec4 v0x7f9cc1f78870_0;
    %addi 1, 0, 32;
    %assign/vec4 v0x7f9cc1f78870_0, 0;
    %end;
    .scope S_0x7f9cc1f59d00;
t_8 %join;
    %jmp T_12;
    .thread T_12;
    .scope S_0x7f9cc1f59d00;
T_13 ;
    %vpi_call/w 3 25 "$dumpvars", 32'sb00000000000000000000000000000000, S_0x7f9cc1f2c030 {0 0 0};
    %end;
    .thread T_13;
# The file index is used to find the file name in the following table.
:file_names 5;
    "N/A";
    "<interactive>";
    "-";
    "m_sim.sv";
    "m_proc8.sv";
